[1/295] Building C object esp-idf/esp_adc/CMakeFiles/__idf_esp_adc.dir/esp32/adc_cali_line_fitting.c.obj
[2/295] Building C object esp-idf/esp_adc/CMakeFiles/__idf_esp_adc.dir/deprecated/esp32/esp_adc_cal_legacy.c.obj
[3/295] Building C object esp-idf/esp_eth/CMakeFiles/__idf_esp_eth.dir/src/esp_eth_phy_802_3.c.obj
[4/295] Performing build step for 'bootloader'
FAILED: bootloader-prefix/src/bootloader-stamp/bootloader-build bootloader/bootloader.elf bootloader/bootloader.bin bootloader/bootloader.map E:/Internship Cowlar/MPU-6050/build/bootloader-prefix/src/bootloader-stamp/bootloader-build E:/Internship Cowlar/MPU-6050/build/bootloader/bootloader.elf E:/Internship Cowlar/MPU-6050/build/bootloader/bootloader.bin E:/Internship Cowlar/MPU-6050/build/bootloader/bootloader.map 
cmd.exe /C "cd /D "E:\Internship Cowlar\MPU-6050\build\bootloader" && D:\Espressif\tools\cmake\3.24.0\bin\cmake.exe --build ."
[1/1] cmd.exe /C "cd /D "E:\Internship Cowlar\MPU-6050\build\bootloader\esp-idf\esptool_py" && D:\Espressif\python_env\idf5.0_py3.11_env\Scripts\python.exe D:/Espressif/frameworks/esp-idf-v5.0.2/components/partition_table/check_sizes.py --offset 0x8000 bootloader 0x1000 "E:/Internship Cowlar/MPU-6050/build/bootloader/bootloader.bin""
FAILED: esp-idf/esptool_py/CMakeFiles/bootloader_check_size E:/Internship Cowlar/MPU-6050/build/bootloader/esp-idf/esptool_py/CMakeFiles/bootloader_check_size 
cmd.exe /C "cd /D "E:\Internship Cowlar\MPU-6050\build\bootloader\esp-idf\esptool_py" && D:\Espressif\python_env\idf5.0_py3.11_env\Scripts\python.exe D:/Espressif/frameworks/esp-idf-v5.0.2/components/partition_table/check_sizes.py --offset 0x8000 bootloader 0x1000 "E:/Internship Cowlar/MPU-6050/build/bootloader/bootloader.bin""
Error: Bootloader binary size 0x73d0 bytes is too large for partition table offset 0x8000. Bootloader binary can be maximum 0x7000 (28672) bytes unless the partition table offset is increased in the Partition Table section of the project configuration menu.
ninja: build stopped: subcommand failed.
[5/295] Building C object esp-idf/esp_eth/CMakeFiles/__idf_esp_eth.dir/src/esp_eth.c.obj
[6/295] Building C object esp-idf/esp-tls/CMakeFiles/__idf_esp-tls.dir/esp_tls_error_capture.c.obj
[7/295] Building C object esp-idf/esp_eth/CMakeFiles/__idf_esp_eth.dir/src/esp_eth_netif_glue.c.obj
[8/295] Building C object esp-idf/esp_eth/CMakeFiles/__idf_esp_eth.dir/src/esp_eth_phy_lan87xx.c.obj
[9/295] Building C object esp-idf/esp_eth/CMakeFiles/__idf_esp_eth.dir/src/esp_eth_mac_esp.c.obj
ninja: build stopped: subcommand failed.
